[0m20:54:44.887754 [debug] [MainThread]: Sending event: {'category': 'dbt', 'action': 'invocation', 'label': 'start', 'context': [<snowplow_tracker.self_describing_json.SelfDescribingJson object at 0x000002AA7E42C830>, <snowplow_tracker.self_describing_json.SelfDescribingJson object at 0x000002AA7AC56E90>, <snowplow_tracker.self_describing_json.SelfDescribingJson object at 0x000002AA7F4AFB10>]}


============================== 20:54:44.896872 | 4d54ce31-68cc-41be-84ce-54b2a44b7173 ==============================
[0m20:54:44.896872 [info ] [MainThread]: Running with dbt=1.11.11
[0m20:54:44.898289 [debug] [MainThread]: running dbt with arguments {'version_check': 'True', 'no_print': 'None', 'static_parser': 'True', 'warn_error_options': 'WarnErrorOptionsV2(error=[], warn=[], silence=[])', 'target_path': 'None', 'printer_width': '80', 'write_json': 'True', 'empty': 'None', 'log_cache_events': 'False', 'introspect': 'True', 'cache_selected_only': 'False', 'fail_fast': 'False', 'debug': 'False', 'log_format': 'default', 'partial_parse': 'True', 'send_anonymous_usage_stats': 'True', 'quiet': 'False', 'warn_error': 'None', 'profiles_dir': 'C:\\Users\\HP\\.dbt', 'indirect_selection': 'eager', 'use_colors': 'True', 'invocation_command': 'dbt init olist_analytics', 'use_experimental_parser': 'False', 'log_path': 'logs'}
[0m20:54:44.966164 [debug] [MainThread]: Starter project path: C:\Users\HP\AppData\Local\Programs\Python\Python313\Lib\site-packages\dbt\include\starter_project
[0m20:54:45.027557 [info ] [MainThread]: 
Your new dbt project "olist_analytics" was created!

For more information on how to configure the profiles.yml file,
please consult the dbt documentation here:

  https://docs.getdbt.com/docs/configure-your-profile

One more thing:

Need help? Don't hesitate to reach out to us via GitHub issues or on Slack:

  https://community.getdbt.com/

Happy modeling!

[0m20:54:45.028212 [info ] [MainThread]: Setting up your profile.
[0m20:55:25.072979 [debug] [MainThread]: Command `dbt init` succeeded at 20:55:25.072562 after 40.38 seconds
[0m20:55:25.073627 [debug] [MainThread]: Sending event: {'category': 'dbt', 'action': 'invocation', 'label': 'end', 'context': [<snowplow_tracker.self_describing_json.SelfDescribingJson object at 0x000002AA7F4DED70>, <snowplow_tracker.self_describing_json.SelfDescribingJson object at 0x000002AA7F536570>, <snowplow_tracker.self_describing_json.SelfDescribingJson object at 0x000002AA7F3568B0>]}
[0m20:55:25.074138 [debug] [MainThread]: Flushing usage events
[0m20:55:26.993682 [debug] [MainThread]: An error was encountered while trying to flush usage events
[0m19:34:45.918130 [debug] [MainThread]: Sending event: {'category': 'dbt', 'action': 'invocation', 'label': 'start', 'context': [<snowplow_tracker.self_describing_json.SelfDescribingJson object at 0x0000020D917FC830>, <snowplow_tracker.self_describing_json.SelfDescribingJson object at 0x0000020D8E046E90>, <snowplow_tracker.self_describing_json.SelfDescribingJson object at 0x0000020D938E3B10>]}


============================== 19:34:45.927866 | 61a895bc-29e5-4657-82b3-dfa3415e19a0 ==============================
[0m19:34:45.927866 [info ] [MainThread]: Running with dbt=1.11.11
[0m19:34:45.928743 [debug] [MainThread]: running dbt with arguments {'version_check': 'True', 'no_print': 'None', 'static_parser': 'True', 'target_path': 'None', 'warn_error_options': 'WarnErrorOptionsV2(error=[], warn=[], silence=[])', 'printer_width': '80', 'write_json': 'True', 'empty': 'False', 'log_cache_events': 'False', 'introspect': 'True', 'cache_selected_only': 'False', 'log_format': 'default', 'debug': 'False', 'fail_fast': 'False', 'partial_parse': 'True', 'send_anonymous_usage_stats': 'True', 'quiet': 'False', 'warn_error': 'None', 'profiles_dir': 'C:\\Users\\HP\\.dbt', 'use_colors': 'True', 'indirect_selection': 'eager', 'invocation_command': 'dbt run', 'use_experimental_parser': 'False', 'log_path': 'logs'}
[0m19:34:45.929188 [error] [MainThread]: Encountered an error:
Runtime Error
  No dbt_project.yml found at expected path C:\Users\HP\OneDrive\Desktop\GitHub\brazillian_ecommerce\dbt_project.yml
  Verify that each entry within packages.yml (and their transitive dependencies) contains a file named dbt_project.yml
  
[0m19:34:45.930005 [debug] [MainThread]: Command `dbt run` failed at 19:34:45.929878 after 0.19 seconds
[0m19:34:45.930368 [debug] [MainThread]: Sending event: {'category': 'dbt', 'action': 'invocation', 'label': 'end', 'context': [<snowplow_tracker.self_describing_json.SelfDescribingJson object at 0x0000020D938D63F0>, <snowplow_tracker.self_describing_json.SelfDescribingJson object at 0x0000020D938ADFD0>, <snowplow_tracker.self_describing_json.SelfDescribingJson object at 0x0000020D938F8AF0>]}
[0m19:34:45.930732 [debug] [MainThread]: Flushing usage events
[0m19:34:47.745478 [debug] [MainThread]: An error was encountered while trying to flush usage events
